<?xml version="1.0" encoding="UTF-8"?>
<testsuite xmlns:xsi="http://www.w3.org/2001/XMLSchema-instance" xsi:noNamespaceSchemaLocation="https://maven.apache.org/surefire/maven-surefire-plugin/xsd/surefire-test-report.xsd" name="com.love2shop.springbootshop.SpringBootShopApplicationTests" time="19.177" tests="5" errors="2" skipped="0" failures="0">
  <properties>
    <property name="java.specification.version" value="17"/>
    <property name="sun.cpu.isalist" value="amd64"/>
    <property name="sun.jnu.encoding" value="Cp1252"/>
    <property name="java.class.path" value="D:\hexa project\shoppingapplication\shoppingapplication\02-backend\spring-boot-shop\spring-boot-shop\target\test-classes;D:\hexa project\shoppingapplication\shoppingapplication\02-backend\spring-boot-shop\spring-boot-shop\target\classes;C:\Users\Manu\.m2\repository\com\okta\spring\okta-spring-boot-starter\2.1.6\okta-spring-boot-starter-2.1.6.jar;C:\Users\Manu\.m2\repository\com\okta\spring\okta-spring-security-oauth2\2.1.6\okta-spring-security-oauth2-2.1.6.jar;C:\Users\Manu\.m2\repository\javax\validation\validation-api\2.0.1.Final\validation-api-2.0.1.Final.jar;C:\Users\Manu\.m2\repository\com\okta\commons\okta-config-check\1.3.1\okta-config-check-1.3.1.jar;C:\Users\Manu\.m2\repository\com\okta\commons\okta-commons-lang\1.3.1\okta-commons-lang-1.3.1.jar;C:\Users\Manu\.m2\repository\org\springframework\security\spring-security-config\5.7.10\spring-security-config-5.7.10.jar;C:\Users\Manu\.m2\repository\org\springframework\security\spring-security-core\5.7.10\spring-security-core-5.7.10.jar;C:\Users\Manu\.m2\repository\org\springframework\security\spring-security-crypto\5.7.10\spring-security-crypto-5.7.10.jar;C:\Users\Manu\.m2\repository\org\springframework\boot\spring-boot-starter-security\2.7.15\spring-boot-starter-security-2.7.15.jar;C:\Users\Manu\.m2\repository\org\springframework\security\spring-security-web\5.7.10\spring-security-web-5.7.10.jar;C:\Users\Manu\.m2\repository\org\springframework\security\spring-security-oauth2-client\5.7.10\spring-security-oauth2-client-5.7.10.jar;C:\Users\Manu\.m2\repository\org\springframework\security\spring-security-oauth2-core\5.7.10\spring-security-oauth2-core-5.7.10.jar;C:\Users\Manu\.m2\repository\com\nimbusds\oauth2-oidc-sdk\9.35\oauth2-oidc-sdk-9.35.jar;C:\Users\Manu\.m2\repository\com\github\stephenc\jcip\jcip-annotations\1.0-1\jcip-annotations-1.0-1.jar;C:\Users\Manu\.m2\repository\com\nimbusds\content-type\2.2\content-type-2.2.jar;C:\Users\Manu\.m2\repository\com\nimbusds\lang-tag\1.6\lang-tag-1.6.jar;C:\Users\Manu\.m2\repository\org\springframework\security\spring-security-oauth2-jose\5.7.10\spring-security-oauth2-jose-5.7.10.jar;C:\Users\Manu\.m2\repository\com\nimbusds\nimbus-jose-jwt\9.22\nimbus-jose-jwt-9.22.jar;C:\Users\Manu\.m2\repository\org\springframework\security\spring-security-oauth2-resource-server\5.7.10\spring-security-oauth2-resource-server-5.7.10.jar;C:\Users\Manu\.m2\repository\com\okta\spring\okta-spring-sdk\2.1.6\okta-spring-sdk-2.1.6.jar;C:\Users\Manu\.m2\repository\org\springframework\boot\spring-boot\2.7.15\spring-boot-2.7.15.jar;C:\Users\Manu\.m2\repository\org\springframework\boot\spring-boot-autoconfigure\2.7.15\spring-boot-autoconfigure-2.7.15.jar;C:\Users\Manu\.m2\repository\org\springframework\boot\spring-boot-starter-data-jpa\2.7.15\spring-boot-starter-data-jpa-2.7.15.jar;C:\Users\Manu\.m2\repository\org\springframework\boot\spring-boot-starter-aop\2.7.15\spring-boot-starter-aop-2.7.15.jar;C:\Users\Manu\.m2\repository\org\springframework\spring-aop\5.3.29\spring-aop-5.3.29.jar;C:\Users\Manu\.m2\repository\org\aspectj\aspectjweaver\1.9.7\aspectjweaver-1.9.7.jar;C:\Users\Manu\.m2\repository\org\springframework\boot\spring-boot-starter-jdbc\2.7.15\spring-boot-starter-jdbc-2.7.15.jar;C:\Users\Manu\.m2\repository\com\zaxxer\HikariCP\4.0.3\HikariCP-4.0.3.jar;C:\Users\Manu\.m2\repository\org\springframework\spring-jdbc\5.3.29\spring-jdbc-5.3.29.jar;C:\Users\Manu\.m2\repository\jakarta\transaction\jakarta.transaction-api\1.3.3\jakarta.transaction-api-1.3.3.jar;C:\Users\Manu\.m2\repository\jakarta\persistence\jakarta.persistence-api\2.2.3\jakarta.persistence-api-2.2.3.jar;C:\Users\Manu\.m2\repository\org\hibernate\hibernate-core\5.6.15.Final\hibernate-core-5.6.15.Final.jar;C:\Users\Manu\.m2\repository\org\jboss\logging\jboss-logging\3.4.3.Final\jboss-logging-3.4.3.Final.jar;C:\Users\Manu\.m2\repository\net\bytebuddy\byte-buddy\1.12.23\byte-buddy-1.12.23.jar;C:\Users\Manu\.m2\repository\antlr\antlr\2.7.7\antlr-2.7.7.jar;C:\Users\Manu\.m2\repository\org\jboss\jandex\2.4.2.Final\jandex-2.4.2.Final.jar;C:\Users\Manu\.m2\repository\org\hibernate\common\hibernate-commons-annotations\5.1.2.Final\hibernate-commons-annotations-5.1.2.Final.jar;C:\Users\Manu\.m2\repository\org\glassfish\jaxb\jaxb-runtime\2.3.8\jaxb-runtime-2.3.8.jar;C:\Users\Manu\.m2\repository\org\glassfish\jaxb\txw2\2.3.8\txw2-2.3.8.jar;C:\Users\Manu\.m2\repository\com\sun\istack\istack-commons-runtime\3.0.12\istack-commons-runtime-3.0.12.jar;C:\Users\Manu\.m2\repository\com\sun\activation\jakarta.activation\1.2.2\jakarta.activation-1.2.2.jar;C:\Users\Manu\.m2\repository\org\springframework\data\spring-data-jpa\2.7.15\spring-data-jpa-2.7.15.jar;C:\Users\Manu\.m2\repository\org\springframework\data\spring-data-commons\2.7.15\spring-data-commons-2.7.15.jar;C:\Users\Manu\.m2\repository\org\springframework\spring-orm\5.3.29\spring-orm-5.3.29.jar;C:\Users\Manu\.m2\repository\org\springframework\spring-context\5.3.29\spring-context-5.3.29.jar;C:\Users\Manu\.m2\repository\org\springframework\spring-expression\5.3.29\spring-expression-5.3.29.jar;C:\Users\Manu\.m2\repository\org\springframework\spring-tx\5.3.29\spring-tx-5.3.29.jar;C:\Users\Manu\.m2\repository\org\springframework\spring-beans\5.3.29\spring-beans-5.3.29.jar;C:\Users\Manu\.m2\repository\org\springframework\spring-aspects\5.3.29\spring-aspects-5.3.29.jar;C:\Users\Manu\.m2\repository\org\springframework\boot\spring-boot-starter-data-rest\2.7.15\spring-boot-starter-data-rest-2.7.15.jar;C:\Users\Manu\.m2\repository\org\springframework\boot\spring-boot-starter-web\2.7.15\spring-boot-starter-web-2.7.15.jar;C:\Users\Manu\.m2\repository\org\springframework\boot\spring-boot-starter-json\2.7.15\spring-boot-starter-json-2.7.15.jar;C:\Users\Manu\.m2\repository\com\fasterxml\jackson\datatype\jackson-datatype-jdk8\2.13.5\jackson-datatype-jdk8-2.13.5.jar;C:\Users\Manu\.m2\repository\com\fasterxml\jackson\datatype\jackson-datatype-jsr310\2.13.5\jackson-datatype-jsr310-2.13.5.jar;C:\Users\Manu\.m2\repository\com\fasterxml\jackson\module\jackson-module-parameter-names\2.13.5\jackson-module-parameter-names-2.13.5.jar;C:\Users\Manu\.m2\repository\org\springframework\boot\spring-boot-starter-tomcat\2.7.15\spring-boot-starter-tomcat-2.7.15.jar;C:\Users\Manu\.m2\repository\org\apache\tomcat\embed\tomcat-embed-core\9.0.79\tomcat-embed-core-9.0.79.jar;C:\Users\Manu\.m2\repository\org\apache\tomcat\embed\tomcat-embed-el\9.0.79\tomcat-embed-el-9.0.79.jar;C:\Users\Manu\.m2\repository\org\apache\tomcat\embed\tomcat-embed-websocket\9.0.79\tomcat-embed-websocket-9.0.79.jar;C:\Users\Manu\.m2\repository\org\springframework\spring-web\5.3.29\spring-web-5.3.29.jar;C:\Users\Manu\.m2\repository\org\springframework\spring-webmvc\5.3.29\spring-webmvc-5.3.29.jar;C:\Users\Manu\.m2\repository\org\springframework\data\spring-data-rest-webmvc\3.7.15\spring-data-rest-webmvc-3.7.15.jar;C:\Users\Manu\.m2\repository\org\springframework\data\spring-data-rest-core\3.7.15\spring-data-rest-core-3.7.15.jar;C:\Users\Manu\.m2\repository\org\springframework\hateoas\spring-hateoas\1.5.5\spring-hateoas-1.5.5.jar;C:\Users\Manu\.m2\repository\org\atteo\evo-inflector\1.3\evo-inflector-1.3.jar;C:\Users\Manu\.m2\repository\com\fasterxml\jackson\core\jackson-databind\2.13.5\jackson-databind-2.13.5.jar;C:\Users\Manu\.m2\repository\com\fasterxml\jackson\core\jackson-core\2.13.5\jackson-core-2.13.5.jar;C:\Users\Manu\.m2\repository\com\fasterxml\jackson\core\jackson-annotations\2.13.5\jackson-annotations-2.13.5.jar;C:\Users\Manu\.m2\repository\com\mysql\mysql-connector-j\8.0.33\mysql-connector-j-8.0.33.jar;C:\Users\Manu\.m2\repository\org\projectlombok\lombok\1.18.20\lombok-1.18.20.jar;C:\Users\Manu\.m2\repository\org\springframework\boot\spring-boot-starter-test\2.7.15\spring-boot-starter-test-2.7.15.jar;C:\Users\Manu\.m2\repository\org\springframework\boot\spring-boot-starter\2.7.15\spring-boot-starter-2.7.15.jar;C:\Users\Manu\.m2\repository\org\springframework\boot\spring-boot-starter-logging\2.7.15\spring-boot-starter-logging-2.7.15.jar;C:\Users\Manu\.m2\repository\ch\qos\logback\logback-classic\1.2.12\logback-classic-1.2.12.jar;C:\Users\Manu\.m2\repository\ch\qos\logback\logback-core\1.2.12\logback-core-1.2.12.jar;C:\Users\Manu\.m2\repository\org\apache\logging\log4j\log4j-to-slf4j\2.17.2\log4j-to-slf4j-2.17.2.jar;C:\Users\Manu\.m2\repository\org\apache\logging\log4j\log4j-api\2.17.2\log4j-api-2.17.2.jar;C:\Users\Manu\.m2\repository\org\slf4j\jul-to-slf4j\1.7.36\jul-to-slf4j-1.7.36.jar;C:\Users\Manu\.m2\repository\jakarta\annotation\jakarta.annotation-api\1.3.5\jakarta.annotation-api-1.3.5.jar;C:\Users\Manu\.m2\repository\org\yaml\snakeyaml\1.30\snakeyaml-1.30.jar;C:\Users\Manu\.m2\repository\org\springframework\boot\spring-boot-test\2.7.15\spring-boot-test-2.7.15.jar;C:\Users\Manu\.m2\repository\org\springframework\boot\spring-boot-test-autoconfigure\2.7.15\spring-boot-test-autoconfigure-2.7.15.jar;C:\Users\Manu\.m2\repository\com\jayway\jsonpath\json-path\2.7.0\json-path-2.7.0.jar;C:\Users\Manu\.m2\repository\net\minidev\json-smart\2.4.11\json-smart-2.4.11.jar;C:\Users\Manu\.m2\repository\net\minidev\accessors-smart\2.4.11\accessors-smart-2.4.11.jar;C:\Users\Manu\.m2\repository\org\ow2\asm\asm\9.3\asm-9.3.jar;C:\Users\Manu\.m2\repository\jakarta\xml\bind\jakarta.xml.bind-api\2.3.3\jakarta.xml.bind-api-2.3.3.jar;C:\Users\Manu\.m2\repository\jakarta\activation\jakarta.activation-api\1.2.2\jakarta.activation-api-1.2.2.jar;C:\Users\Manu\.m2\repository\org\assertj\assertj-core\3.22.0\assertj-core-3.22.0.jar;C:\Users\Manu\.m2\repository\org\hamcrest\hamcrest\2.2\hamcrest-2.2.jar;C:\Users\Manu\.m2\repository\org\junit\jupiter\junit-jupiter\5.8.2\junit-jupiter-5.8.2.jar;C:\Users\Manu\.m2\repository\org\junit\jupiter\junit-jupiter-api\5.8.2\junit-jupiter-api-5.8.2.jar;C:\Users\Manu\.m2\repository\org\opentest4j\opentest4j\1.2.0\opentest4j-1.2.0.jar;C:\Users\Manu\.m2\repository\org\junit\platform\junit-platform-commons\1.8.2\junit-platform-commons-1.8.2.jar;C:\Users\Manu\.m2\repository\org\apiguardian\apiguardian-api\1.1.2\apiguardian-api-1.1.2.jar;C:\Users\Manu\.m2\repository\org\junit\jupiter\junit-jupiter-params\5.8.2\junit-jupiter-params-5.8.2.jar;C:\Users\Manu\.m2\repository\org\junit\jupiter\junit-jupiter-engine\5.8.2\junit-jupiter-engine-5.8.2.jar;C:\Users\Manu\.m2\repository\org\junit\platform\junit-platform-engine\1.8.2\junit-platform-engine-1.8.2.jar;C:\Users\Manu\.m2\repository\org\mockito\mockito-core\4.5.1\mockito-core-4.5.1.jar;C:\Users\Manu\.m2\repository\net\bytebuddy\byte-buddy-agent\1.12.23\byte-buddy-agent-1.12.23.jar;C:\Users\Manu\.m2\repository\org\objenesis\objenesis\3.2\objenesis-3.2.jar;C:\Users\Manu\.m2\repository\org\mockito\mockito-junit-jupiter\4.5.1\mockito-junit-jupiter-4.5.1.jar;C:\Users\Manu\.m2\repository\org\skyscreamer\jsonassert\1.5.1\jsonassert-1.5.1.jar;C:\Users\Manu\.m2\repository\com\vaadin\external\google\android-json\0.0.20131108.vaadin1\android-json-0.0.20131108.vaadin1.jar;C:\Users\Manu\.m2\repository\org\springframework\spring-core\5.3.29\spring-core-5.3.29.jar;C:\Users\Manu\.m2\repository\org\springframework\spring-jcl\5.3.29\spring-jcl-5.3.29.jar;C:\Users\Manu\.m2\repository\org\springframework\spring-test\5.3.29\spring-test-5.3.29.jar;C:\Users\Manu\.m2\repository\org\xmlunit\xmlunit-core\2.9.1\xmlunit-core-2.9.1.jar;C:\Users\Manu\.m2\repository\io\springfox\springfox-swagger2\3.0.0\springfox-swagger2-3.0.0.jar;C:\Users\Manu\.m2\repository\io\springfox\springfox-spi\3.0.0\springfox-spi-3.0.0.jar;C:\Users\Manu\.m2\repository\io\springfox\springfox-core\3.0.0\springfox-core-3.0.0.jar;C:\Users\Manu\.m2\repository\io\springfox\springfox-schema\3.0.0\springfox-schema-3.0.0.jar;C:\Users\Manu\.m2\repository\io\springfox\springfox-swagger-common\3.0.0\springfox-swagger-common-3.0.0.jar;C:\Users\Manu\.m2\repository\io\swagger\core\v3\swagger-annotations\2.1.2\swagger-annotations-2.1.2.jar;C:\Users\Manu\.m2\repository\io\springfox\springfox-spring-web\3.0.0\springfox-spring-web-3.0.0.jar;C:\Users\Manu\.m2\repository\io\github\classgraph\classgraph\4.8.83\classgraph-4.8.83.jar;C:\Users\Manu\.m2\repository\io\springfox\springfox-spring-webmvc\3.0.0\springfox-spring-webmvc-3.0.0.jar;C:\Users\Manu\.m2\repository\io\springfox\springfox-spring-webflux\3.0.0\springfox-spring-webflux-3.0.0.jar;C:\Users\Manu\.m2\repository\com\fasterxml\classmate\1.5.1\classmate-1.5.1.jar;C:\Users\Manu\.m2\repository\org\slf4j\slf4j-api\1.7.36\slf4j-api-1.7.36.jar;C:\Users\Manu\.m2\repository\org\springframework\plugin\spring-plugin-core\2.0.0.RELEASE\spring-plugin-core-2.0.0.RELEASE.jar;C:\Users\Manu\.m2\repository\org\springframework\plugin\spring-plugin-metadata\2.0.0.RELEASE\spring-plugin-metadata-2.0.0.RELEASE.jar;C:\Users\Manu\.m2\repository\io\swagger\swagger-annotations\1.5.20\swagger-annotations-1.5.20.jar;C:\Users\Manu\.m2\repository\io\swagger\swagger-models\1.5.20\swagger-models-1.5.20.jar;C:\Users\Manu\.m2\repository\org\mapstruct\mapstruct\1.3.1.Final\mapstruct-1.3.1.Final.jar;C:\Users\Manu\.m2\repository\io\springfox\springfox-swagger-ui\2.9.2\springfox-swagger-ui-2.9.2.jar;"/>
    <property name="java.vm.vendor" value="Eclipse Adoptium"/>
    <property name="sun.arch.data.model" value="64"/>
    <property name="user.variant" value=""/>
    <property name="java.vendor.url" value="https://adoptium.net/"/>
    <property name="user.timezone" value="Asia/Calcutta"/>
    <property name="os.name" value="Windows 10"/>
    <property name="java.vm.specification.version" value="17"/>
    <property name="sun.java.launcher" value="SUN_STANDARD"/>
    <property name="user.country" value="IN"/>
    <property name="sun.boot.library.path" value="C:\Users\Manu\.p2\pool\plugins\org.eclipse.justj.openjdk.hotspot.jre.full.win32.x86_64_17.0.6.v20230204-1729\jre\bin"/>
    <property name="sun.java.command" value="C:\Users\Manu\AppData\Local\Temp\surefire2778978463139828918\surefirebooter10354495969371418717.jar C:\Users\Manu\AppData\Local\Temp\surefire2778978463139828918 2023-09-16T16-22-56_750-jvmRun1 surefire18338020565902179860tmp surefire_08619705237374594981tmp"/>
    <property name="jdk.debug" value="release"/>
    <property name="surefire.test.class.path" value="D:\hexa project\shoppingapplication\shoppingapplication\02-backend\spring-boot-shop\spring-boot-shop\target\test-classes;D:\hexa project\shoppingapplication\shoppingapplication\02-backend\spring-boot-shop\spring-boot-shop\target\classes;C:\Users\Manu\.m2\repository\com\okta\spring\okta-spring-boot-starter\2.1.6\okta-spring-boot-starter-2.1.6.jar;C:\Users\Manu\.m2\repository\com\okta\spring\okta-spring-security-oauth2\2.1.6\okta-spring-security-oauth2-2.1.6.jar;C:\Users\Manu\.m2\repository\javax\validation\validation-api\2.0.1.Final\validation-api-2.0.1.Final.jar;C:\Users\Manu\.m2\repository\com\okta\commons\okta-config-check\1.3.1\okta-config-check-1.3.1.jar;C:\Users\Manu\.m2\repository\com\okta\commons\okta-commons-lang\1.3.1\okta-commons-lang-1.3.1.jar;C:\Users\Manu\.m2\repository\org\springframework\security\spring-security-config\5.7.10\spring-security-config-5.7.10.jar;C:\Users\Manu\.m2\repository\org\springframework\security\spring-security-core\5.7.10\spring-security-core-5.7.10.jar;C:\Users\Manu\.m2\repository\org\springframework\security\spring-security-crypto\5.7.10\spring-security-crypto-5.7.10.jar;C:\Users\Manu\.m2\repository\org\springframework\boot\spring-boot-starter-security\2.7.15\spring-boot-starter-security-2.7.15.jar;C:\Users\Manu\.m2\repository\org\springframework\security\spring-security-web\5.7.10\spring-security-web-5.7.10.jar;C:\Users\Manu\.m2\repository\org\springframework\security\spring-security-oauth2-client\5.7.10\spring-security-oauth2-client-5.7.10.jar;C:\Users\Manu\.m2\repository\org\springframework\security\spring-security-oauth2-core\5.7.10\spring-security-oauth2-core-5.7.10.jar;C:\Users\Manu\.m2\repository\com\nimbusds\oauth2-oidc-sdk\9.35\oauth2-oidc-sdk-9.35.jar;C:\Users\Manu\.m2\repository\com\github\stephenc\jcip\jcip-annotations\1.0-1\jcip-annotations-1.0-1.jar;C:\Users\Manu\.m2\repository\com\nimbusds\content-type\2.2\content-type-2.2.jar;C:\Users\Manu\.m2\repository\com\nimbusds\lang-tag\1.6\lang-tag-1.6.jar;C:\Users\Manu\.m2\repository\org\springframework\security\spring-security-oauth2-jose\5.7.10\spring-security-oauth2-jose-5.7.10.jar;C:\Users\Manu\.m2\repository\com\nimbusds\nimbus-jose-jwt\9.22\nimbus-jose-jwt-9.22.jar;C:\Users\Manu\.m2\repository\org\springframework\security\spring-security-oauth2-resource-server\5.7.10\spring-security-oauth2-resource-server-5.7.10.jar;C:\Users\Manu\.m2\repository\com\okta\spring\okta-spring-sdk\2.1.6\okta-spring-sdk-2.1.6.jar;C:\Users\Manu\.m2\repository\org\springframework\boot\spring-boot\2.7.15\spring-boot-2.7.15.jar;C:\Users\Manu\.m2\repository\org\springframework\boot\spring-boot-autoconfigure\2.7.15\spring-boot-autoconfigure-2.7.15.jar;C:\Users\Manu\.m2\repository\org\springframework\boot\spring-boot-starter-data-jpa\2.7.15\spring-boot-starter-data-jpa-2.7.15.jar;C:\Users\Manu\.m2\repository\org\springframework\boot\spring-boot-starter-aop\2.7.15\spring-boot-starter-aop-2.7.15.jar;C:\Users\Manu\.m2\repository\org\springframework\spring-aop\5.3.29\spring-aop-5.3.29.jar;C:\Users\Manu\.m2\repository\org\aspectj\aspectjweaver\1.9.7\aspectjweaver-1.9.7.jar;C:\Users\Manu\.m2\repository\org\springframework\boot\spring-boot-starter-jdbc\2.7.15\spring-boot-starter-jdbc-2.7.15.jar;C:\Users\Manu\.m2\repository\com\zaxxer\HikariCP\4.0.3\HikariCP-4.0.3.jar;C:\Users\Manu\.m2\repository\org\springframework\spring-jdbc\5.3.29\spring-jdbc-5.3.29.jar;C:\Users\Manu\.m2\repository\jakarta\transaction\jakarta.transaction-api\1.3.3\jakarta.transaction-api-1.3.3.jar;C:\Users\Manu\.m2\repository\jakarta\persistence\jakarta.persistence-api\2.2.3\jakarta.persistence-api-2.2.3.jar;C:\Users\Manu\.m2\repository\org\hibernate\hibernate-core\5.6.15.Final\hibernate-core-5.6.15.Final.jar;C:\Users\Manu\.m2\repository\org\jboss\logging\jboss-logging\3.4.3.Final\jboss-logging-3.4.3.Final.jar;C:\Users\Manu\.m2\repository\net\bytebuddy\byte-buddy\1.12.23\byte-buddy-1.12.23.jar;C:\Users\Manu\.m2\repository\antlr\antlr\2.7.7\antlr-2.7.7.jar;C:\Users\Manu\.m2\repository\org\jboss\jandex\2.4.2.Final\jandex-2.4.2.Final.jar;C:\Users\Manu\.m2\repository\org\hibernate\common\hibernate-commons-annotations\5.1.2.Final\hibernate-commons-annotations-5.1.2.Final.jar;C:\Users\Manu\.m2\repository\org\glassfish\jaxb\jaxb-runtime\2.3.8\jaxb-runtime-2.3.8.jar;C:\Users\Manu\.m2\repository\org\glassfish\jaxb\txw2\2.3.8\txw2-2.3.8.jar;C:\Users\Manu\.m2\repository\com\sun\istack\istack-commons-runtime\3.0.12\istack-commons-runtime-3.0.12.jar;C:\Users\Manu\.m2\repository\com\sun\activation\jakarta.activation\1.2.2\jakarta.activation-1.2.2.jar;C:\Users\Manu\.m2\repository\org\springframework\data\spring-data-jpa\2.7.15\spring-data-jpa-2.7.15.jar;C:\Users\Manu\.m2\repository\org\springframework\data\spring-data-commons\2.7.15\spring-data-commons-2.7.15.jar;C:\Users\Manu\.m2\repository\org\springframework\spring-orm\5.3.29\spring-orm-5.3.29.jar;C:\Users\Manu\.m2\repository\org\springframework\spring-context\5.3.29\spring-context-5.3.29.jar;C:\Users\Manu\.m2\repository\org\springframework\spring-expression\5.3.29\spring-expression-5.3.29.jar;C:\Users\Manu\.m2\repository\org\springframework\spring-tx\5.3.29\spring-tx-5.3.29.jar;C:\Users\Manu\.m2\repository\org\springframework\spring-beans\5.3.29\spring-beans-5.3.29.jar;C:\Users\Manu\.m2\repository\org\springframework\spring-aspects\5.3.29\spring-aspects-5.3.29.jar;C:\Users\Manu\.m2\repository\org\springframework\boot\spring-boot-starter-data-rest\2.7.15\spring-boot-starter-data-rest-2.7.15.jar;C:\Users\Manu\.m2\repository\org\springframework\boot\spring-boot-starter-web\2.7.15\spring-boot-starter-web-2.7.15.jar;C:\Users\Manu\.m2\repository\org\springframework\boot\spring-boot-starter-json\2.7.15\spring-boot-starter-json-2.7.15.jar;C:\Users\Manu\.m2\repository\com\fasterxml\jackson\datatype\jackson-datatype-jdk8\2.13.5\jackson-datatype-jdk8-2.13.5.jar;C:\Users\Manu\.m2\repository\com\fasterxml\jackson\datatype\jackson-datatype-jsr310\2.13.5\jackson-datatype-jsr310-2.13.5.jar;C:\Users\Manu\.m2\repository\com\fasterxml\jackson\module\jackson-module-parameter-names\2.13.5\jackson-module-parameter-names-2.13.5.jar;C:\Users\Manu\.m2\repository\org\springframework\boot\spring-boot-starter-tomcat\2.7.15\spring-boot-starter-tomcat-2.7.15.jar;C:\Users\Manu\.m2\repository\org\apache\tomcat\embed\tomcat-embed-core\9.0.79\tomcat-embed-core-9.0.79.jar;C:\Users\Manu\.m2\repository\org\apache\tomcat\embed\tomcat-embed-el\9.0.79\tomcat-embed-el-9.0.79.jar;C:\Users\Manu\.m2\repository\org\apache\tomcat\embed\tomcat-embed-websocket\9.0.79\tomcat-embed-websocket-9.0.79.jar;C:\Users\Manu\.m2\repository\org\springframework\spring-web\5.3.29\spring-web-5.3.29.jar;C:\Users\Manu\.m2\repository\org\springframework\spring-webmvc\5.3.29\spring-webmvc-5.3.29.jar;C:\Users\Manu\.m2\repository\org\springframework\data\spring-data-rest-webmvc\3.7.15\spring-data-rest-webmvc-3.7.15.jar;C:\Users\Manu\.m2\repository\org\springframework\data\spring-data-rest-core\3.7.15\spring-data-rest-core-3.7.15.jar;C:\Users\Manu\.m2\repository\org\springframework\hateoas\spring-hateoas\1.5.5\spring-hateoas-1.5.5.jar;C:\Users\Manu\.m2\repository\org\atteo\evo-inflector\1.3\evo-inflector-1.3.jar;C:\Users\Manu\.m2\repository\com\fasterxml\jackson\core\jackson-databind\2.13.5\jackson-databind-2.13.5.jar;C:\Users\Manu\.m2\repository\com\fasterxml\jackson\core\jackson-core\2.13.5\jackson-core-2.13.5.jar;C:\Users\Manu\.m2\repository\com\fasterxml\jackson\core\jackson-annotations\2.13.5\jackson-annotations-2.13.5.jar;C:\Users\Manu\.m2\repository\com\mysql\mysql-connector-j\8.0.33\mysql-connector-j-8.0.33.jar;C:\Users\Manu\.m2\repository\org\projectlombok\lombok\1.18.20\lombok-1.18.20.jar;C:\Users\Manu\.m2\repository\org\springframework\boot\spring-boot-starter-test\2.7.15\spring-boot-starter-test-2.7.15.jar;C:\Users\Manu\.m2\repository\org\springframework\boot\spring-boot-starter\2.7.15\spring-boot-starter-2.7.15.jar;C:\Users\Manu\.m2\repository\org\springframework\boot\spring-boot-starter-logging\2.7.15\spring-boot-starter-logging-2.7.15.jar;C:\Users\Manu\.m2\repository\ch\qos\logback\logback-classic\1.2.12\logback-classic-1.2.12.jar;C:\Users\Manu\.m2\repository\ch\qos\logback\logback-core\1.2.12\logback-core-1.2.12.jar;C:\Users\Manu\.m2\repository\org\apache\logging\log4j\log4j-to-slf4j\2.17.2\log4j-to-slf4j-2.17.2.jar;C:\Users\Manu\.m2\repository\org\apache\logging\log4j\log4j-api\2.17.2\log4j-api-2.17.2.jar;C:\Users\Manu\.m2\repository\org\slf4j\jul-to-slf4j\1.7.36\jul-to-slf4j-1.7.36.jar;C:\Users\Manu\.m2\repository\jakarta\annotation\jakarta.annotation-api\1.3.5\jakarta.annotation-api-1.3.5.jar;C:\Users\Manu\.m2\repository\org\yaml\snakeyaml\1.30\snakeyaml-1.30.jar;C:\Users\Manu\.m2\repository\org\springframework\boot\spring-boot-test\2.7.15\spring-boot-test-2.7.15.jar;C:\Users\Manu\.m2\repository\org\springframework\boot\spring-boot-test-autoconfigure\2.7.15\spring-boot-test-autoconfigure-2.7.15.jar;C:\Users\Manu\.m2\repository\com\jayway\jsonpath\json-path\2.7.0\json-path-2.7.0.jar;C:\Users\Manu\.m2\repository\net\minidev\json-smart\2.4.11\json-smart-2.4.11.jar;C:\Users\Manu\.m2\repository\net\minidev\accessors-smart\2.4.11\accessors-smart-2.4.11.jar;C:\Users\Manu\.m2\repository\org\ow2\asm\asm\9.3\asm-9.3.jar;C:\Users\Manu\.m2\repository\jakarta\xml\bind\jakarta.xml.bind-api\2.3.3\jakarta.xml.bind-api-2.3.3.jar;C:\Users\Manu\.m2\repository\jakarta\activation\jakarta.activation-api\1.2.2\jakarta.activation-api-1.2.2.jar;C:\Users\Manu\.m2\repository\org\assertj\assertj-core\3.22.0\assertj-core-3.22.0.jar;C:\Users\Manu\.m2\repository\org\hamcrest\hamcrest\2.2\hamcrest-2.2.jar;C:\Users\Manu\.m2\repository\org\junit\jupiter\junit-jupiter\5.8.2\junit-jupiter-5.8.2.jar;C:\Users\Manu\.m2\repository\org\junit\jupiter\junit-jupiter-api\5.8.2\junit-jupiter-api-5.8.2.jar;C:\Users\Manu\.m2\repository\org\opentest4j\opentest4j\1.2.0\opentest4j-1.2.0.jar;C:\Users\Manu\.m2\repository\org\junit\platform\junit-platform-commons\1.8.2\junit-platform-commons-1.8.2.jar;C:\Users\Manu\.m2\repository\org\apiguardian\apiguardian-api\1.1.2\apiguardian-api-1.1.2.jar;C:\Users\Manu\.m2\repository\org\junit\jupiter\junit-jupiter-params\5.8.2\junit-jupiter-params-5.8.2.jar;C:\Users\Manu\.m2\repository\org\junit\jupiter\junit-jupiter-engine\5.8.2\junit-jupiter-engine-5.8.2.jar;C:\Users\Manu\.m2\repository\org\junit\platform\junit-platform-engine\1.8.2\junit-platform-engine-1.8.2.jar;C:\Users\Manu\.m2\repository\org\mockito\mockito-core\4.5.1\mockito-core-4.5.1.jar;C:\Users\Manu\.m2\repository\net\bytebuddy\byte-buddy-agent\1.12.23\byte-buddy-agent-1.12.23.jar;C:\Users\Manu\.m2\repository\org\objenesis\objenesis\3.2\objenesis-3.2.jar;C:\Users\Manu\.m2\repository\org\mockito\mockito-junit-jupiter\4.5.1\mockito-junit-jupiter-4.5.1.jar;C:\Users\Manu\.m2\repository\org\skyscreamer\jsonassert\1.5.1\jsonassert-1.5.1.jar;C:\Users\Manu\.m2\repository\com\vaadin\external\google\android-json\0.0.20131108.vaadin1\android-json-0.0.20131108.vaadin1.jar;C:\Users\Manu\.m2\repository\org\springframework\spring-core\5.3.29\spring-core-5.3.29.jar;C:\Users\Manu\.m2\repository\org\springframework\spring-jcl\5.3.29\spring-jcl-5.3.29.jar;C:\Users\Manu\.m2\repository\org\springframework\spring-test\5.3.29\spring-test-5.3.29.jar;C:\Users\Manu\.m2\repository\org\xmlunit\xmlunit-core\2.9.1\xmlunit-core-2.9.1.jar;C:\Users\Manu\.m2\repository\io\springfox\springfox-swagger2\3.0.0\springfox-swagger2-3.0.0.jar;C:\Users\Manu\.m2\repository\io\springfox\springfox-spi\3.0.0\springfox-spi-3.0.0.jar;C:\Users\Manu\.m2\repository\io\springfox\springfox-core\3.0.0\springfox-core-3.0.0.jar;C:\Users\Manu\.m2\repository\io\springfox\springfox-schema\3.0.0\springfox-schema-3.0.0.jar;C:\Users\Manu\.m2\repository\io\springfox\springfox-swagger-common\3.0.0\springfox-swagger-common-3.0.0.jar;C:\Users\Manu\.m2\repository\io\swagger\core\v3\swagger-annotations\2.1.2\swagger-annotations-2.1.2.jar;C:\Users\Manu\.m2\repository\io\springfox\springfox-spring-web\3.0.0\springfox-spring-web-3.0.0.jar;C:\Users\Manu\.m2\repository\io\github\classgraph\classgraph\4.8.83\classgraph-4.8.83.jar;C:\Users\Manu\.m2\repository\io\springfox\springfox-spring-webmvc\3.0.0\springfox-spring-webmvc-3.0.0.jar;C:\Users\Manu\.m2\repository\io\springfox\springfox-spring-webflux\3.0.0\springfox-spring-webflux-3.0.0.jar;C:\Users\Manu\.m2\repository\com\fasterxml\classmate\1.5.1\classmate-1.5.1.jar;C:\Users\Manu\.m2\repository\org\slf4j\slf4j-api\1.7.36\slf4j-api-1.7.36.jar;C:\Users\Manu\.m2\repository\org\springframework\plugin\spring-plugin-core\2.0.0.RELEASE\spring-plugin-core-2.0.0.RELEASE.jar;C:\Users\Manu\.m2\repository\org\springframework\plugin\spring-plugin-metadata\2.0.0.RELEASE\spring-plugin-metadata-2.0.0.RELEASE.jar;C:\Users\Manu\.m2\repository\io\swagger\swagger-annotations\1.5.20\swagger-annotations-1.5.20.jar;C:\Users\Manu\.m2\repository\io\swagger\swagger-models\1.5.20\swagger-models-1.5.20.jar;C:\Users\Manu\.m2\repository\org\mapstruct\mapstruct\1.3.1.Final\mapstruct-1.3.1.Final.jar;C:\Users\Manu\.m2\repository\io\springfox\springfox-swagger-ui\2.9.2\springfox-swagger-ui-2.9.2.jar;"/>
    <property name="sun.cpu.endian" value="little"/>
    <property name="user.home" value="C:\Users\Manu"/>
    <property name="user.language" value="en"/>
    <property name="java.specification.vendor" value="Oracle Corporation"/>
    <property name="java.version.date" value="2023-01-17"/>
    <property name="java.home" value="C:\Users\Manu\.p2\pool\plugins\org.eclipse.justj.openjdk.hotspot.jre.full.win32.x86_64_17.0.6.v20230204-1729\jre"/>
    <property name="file.separator" value="\"/>
    <property name="style.color" value="always"/>
    <property name="basedir" value="D:\hexa project\shoppingapplication\shoppingapplication\02-backend\spring-boot-shop\spring-boot-shop"/>
    <property name="java.vm.compressedOopsMode" value="32-bit"/>
    <property name="line.separator" value="&#10;"/>
    <property name="java.vm.specification.vendor" value="Oracle Corporation"/>
    <property name="java.specification.name" value="Java Platform API Specification"/>
    <property name="surefire.real.class.path" value="C:\Users\Manu\AppData\Local\Temp\surefire2778978463139828918\surefirebooter10354495969371418717.jar"/>
    <property name="user.script" value=""/>
    <property name="sun.management.compiler" value="HotSpot 64-Bit Tiered Compilers"/>
    <property name="java.runtime.version" value="17.0.6+10"/>
    <property name="user.name" value="Manu"/>
    <property name="path.separator" value=";"/>
    <property name="os.version" value="10.0"/>
    <property name="java.runtime.name" value="OpenJDK Runtime Environment"/>
    <property name="file.encoding" value="Cp1252"/>
    <property name="java.vm.name" value="OpenJDK 64-Bit Server VM"/>
    <property name="java.vendor.version" value="Temurin-17.0.6+10"/>
    <property name="localRepository" value="C:\Users\Manu\.m2\repository"/>
    <property name="java.vendor.url.bug" value="https://github.com/adoptium/adoptium-support/issues"/>
    <property name="java.io.tmpdir" value="C:\Users\Manu\AppData\Local\Temp\"/>
    <property name="java.version" value="17.0.6"/>
    <property name="user.dir" value="D:\hexa project\shoppingapplication\shoppingapplication\02-backend\spring-boot-shop\spring-boot-shop"/>
    <property name="os.arch" value="amd64"/>
    <property name="java.vm.specification.name" value="Java Virtual Machine Specification"/>
    <property name="sun.os.patch.level" value=""/>
    <property name="native.encoding" value="Cp1252"/>
    <property name="java.library.path" value="C:\Users\Manu\.p2\pool\plugins\org.eclipse.justj.openjdk.hotspot.jre.full.win32.x86_64_17.0.6.v20230204-1729\jre\bin;C:\Windows\Sun\Java\bin;C:\Windows\system32;C:\Windows;C:/Users/Manu/.p2/pool/plugins/org.eclipse.justj.openjdk.hotspot.jre.full.win32.x86_64_17.0.6.v20230204-1729/jre/bin/server;C:/Users/Manu/.p2/pool/plugins/org.eclipse.justj.openjdk.hotspot.jre.full.win32.x86_64_17.0.6.v20230204-1729/jre/bin;C:\Program Files (x86)\Common Files\Oracle\Java\javapath;C:\Python311\Scripts\;C:\Python311\;C:\Windows\system32;C:\Windows;C:\Windows\System32\Wbem;C:\Windows\System32\WindowsPowerShell\v1.0\;C:\Windows\System32\OpenSSH\;C:\Program Files (x86)\nodejs\;C:\ProgramData\chocolatey\bin;C:\Program Files\Git\cmd;C:\Program Files\MySQL\MySQL Shell 8.0\bin\;C:\Users\Manu\AppData\Local\Microsoft\WindowsApps;;C:\Users\Manu\AppData\Local\Programs\Microsoft VS Code\bin;C:\Users\Manu\AppData\Roaming\npm;C:\Users\Manu\Desktop;;."/>
    <property name="java.vm.info" value="mixed mode"/>
    <property name="java.vendor" value="Eclipse Adoptium"/>
    <property name="java.vm.version" value="17.0.6+10"/>
    <property name="sun.io.unicode.encoding" value="UnicodeLittle"/>
    <property name="java.class.version" value="61.0"/>
  </properties>
  <testcase name="testCreate" classname="com.love2shop.springbootshop.SpringBootShopApplicationTests" time="0.661">
    <error message="No value present" type="java.util.NoSuchElementException">java.util.NoSuchElementException: No value present
	at com.love2shop.springbootshop.SpringBootShopApplicationTests.testCreate(SpringBootShopApplicationTests.java:41)
</error>
    <system-out><![CDATA[16:22:58.801 [main] DEBUG org.springframework.test.context.BootstrapUtils - Instantiating CacheAwareContextLoaderDelegate from class [org.springframework.test.context.cache.DefaultCacheAwareContextLoaderDelegate]
16:22:58.821 [main] DEBUG org.springframework.test.context.BootstrapUtils - Instantiating BootstrapContext using constructor [public org.springframework.test.context.support.DefaultBootstrapContext(java.lang.Class,org.springframework.test.context.CacheAwareContextLoaderDelegate)]
16:22:58.916 [main] DEBUG org.springframework.test.context.BootstrapUtils - Instantiating TestContextBootstrapper for test class [com.love2shop.springbootshop.SpringBootShopApplicationTests] from class [org.springframework.boot.test.context.SpringBootTestContextBootstrapper]
16:22:58.949 [main] INFO org.springframework.boot.test.context.SpringBootTestContextBootstrapper - Neither @ContextConfiguration nor @ContextHierarchy found for test class [com.love2shop.springbootshop.SpringBootShopApplicationTests], using SpringBootContextLoader
16:22:58.958 [main] DEBUG org.springframework.test.context.support.AbstractContextLoader - Did not detect default resource location for test class [com.love2shop.springbootshop.SpringBootShopApplicationTests]: class path resource [com/love2shop/springbootshop/SpringBootShopApplicationTests-context.xml] does not exist
16:22:58.959 [main] DEBUG org.springframework.test.context.support.AbstractContextLoader - Did not detect default resource location for test class [com.love2shop.springbootshop.SpringBootShopApplicationTests]: class path resource [com/love2shop/springbootshop/SpringBootShopApplicationTestsContext.groovy] does not exist
16:22:58.960 [main] INFO org.springframework.test.context.support.AbstractContextLoader - Could not detect default resource locations for test class [com.love2shop.springbootshop.SpringBootShopApplicationTests]: no resource found for suffixes {-context.xml, Context.groovy}.
16:22:58.961 [main] INFO org.springframework.test.context.support.AnnotationConfigContextLoaderUtils - Could not detect default configuration classes for test class [com.love2shop.springbootshop.SpringBootShopApplicationTests]: SpringBootShopApplicationTests does not declare any static, non-private, non-final, nested classes annotated with @Configuration.
16:22:59.079 [main] DEBUG org.springframework.test.context.support.ActiveProfilesUtils - Could not find an 'annotation declaring class' for annotation type [org.springframework.test.context.ActiveProfiles] and class [com.love2shop.springbootshop.SpringBootShopApplicationTests]
16:22:59.198 [main] DEBUG org.springframework.context.annotation.ClassPathScanningCandidateComponentProvider - Identified candidate component class: file [D:\hexa project\shoppingapplication\shoppingapplication\02-backend\spring-boot-shop\spring-boot-shop\target\classes\com\love2shop\springbootshop\SpringBootShopApplication.class]
16:22:59.201 [main] INFO org.springframework.boot.test.context.SpringBootTestContextBootstrapper - Found @SpringBootConfiguration com.love2shop.springbootshop.SpringBootShopApplication for test class com.love2shop.springbootshop.SpringBootShopApplicationTests
16:22:59.479 [main] DEBUG org.springframework.boot.test.context.SpringBootTestContextBootstrapper - @TestExecutionListeners is not present for class [com.love2shop.springbootshop.SpringBootShopApplicationTests]: using defaults.
16:22:59.480 [main] INFO org.springframework.boot.test.context.SpringBootTestContextBootstrapper - Loaded default TestExecutionListener class names from location [META-INF/spring.factories]: [org.springframework.boot.test.mock.mockito.MockitoTestExecutionListener, org.springframework.boot.test.mock.mockito.ResetMocksTestExecutionListener, org.springframework.boot.test.autoconfigure.restdocs.RestDocsTestExecutionListener, org.springframework.boot.test.autoconfigure.web.client.MockRestServiceServerResetTestExecutionListener, org.springframework.boot.test.autoconfigure.web.servlet.MockMvcPrintOnlyOnFailureTestExecutionListener, org.springframework.boot.test.autoconfigure.web.servlet.WebDriverTestExecutionListener, org.springframework.boot.test.autoconfigure.webservices.client.MockWebServiceServerTestExecutionListener, org.springframework.test.context.web.ServletTestExecutionListener, org.springframework.test.context.support.DirtiesContextBeforeModesTestExecutionListener, org.springframework.test.context.event.ApplicationEventsTestExecutionListener, org.springframework.test.context.support.DependencyInjectionTestExecutionListener, org.springframework.test.context.support.DirtiesContextTestExecutionListener, org.springframework.test.context.transaction.TransactionalTestExecutionListener, org.springframework.test.context.jdbc.SqlScriptsTestExecutionListener, org.springframework.test.context.event.EventPublishingTestExecutionListener]
16:22:59.538 [main] INFO org.springframework.boot.test.context.SpringBootTestContextBootstrapper - Using TestExecutionListeners: [org.springframework.test.context.web.ServletTestExecutionListener@4a891c97, org.springframework.test.context.support.DirtiesContextBeforeModesTestExecutionListener@a5bd950, org.springframework.test.context.event.ApplicationEventsTestExecutionListener@4d18aa28, org.springframework.boot.test.mock.mockito.MockitoTestExecutionListener@75390459, org.springframework.boot.test.autoconfigure.SpringBootDependencyInjectionTestExecutionListener@7756c3cd, org.springframework.test.context.support.DirtiesContextTestExecutionListener@2313052e, org.springframework.test.context.transaction.TransactionalTestExecutionListener@2bd2b28e, org.springframework.test.context.jdbc.SqlScriptsTestExecutionListener@16746061, org.springframework.test.context.event.EventPublishingTestExecutionListener@57fd91c9, org.springframework.boot.test.mock.mockito.ResetMocksTestExecutionListener@6cfcd46d, org.springframework.boot.test.autoconfigure.restdocs.RestDocsTestExecutionListener@52045dbe, org.springframework.boot.test.autoconfigure.web.client.MockRestServiceServerResetTestExecutionListener@674658f7, org.springframework.boot.test.autoconfigure.web.servlet.MockMvcPrintOnlyOnFailureTestExecutionListener@5c8eee0f, org.springframework.boot.test.autoconfigure.web.servlet.WebDriverTestExecutionListener@565b064f, org.springframework.boot.test.autoconfigure.webservices.client.MockWebServiceServerTestExecutionListener@26425897]
16:22:59.547 [main] DEBUG org.springframework.test.context.support.AbstractDirtiesContextTestExecutionListener - Before test class: context [DefaultTestContext@2fc0cc3 testClass = SpringBootShopApplicationTests, testInstance = [null], testMethod = [null], testException = [null], mergedContextConfiguration = [WebMergedContextConfiguration@328cf0e1 testClass = SpringBootShopApplicationTests, locations = '{}', classes = '{class com.love2shop.springbootshop.SpringBootShopApplication}', contextInitializerClasses = '[]', activeProfiles = '{}', propertySourceLocations = '{}', propertySourceProperties = '{org.springframework.boot.test.context.SpringBootTestContextBootstrapper=true}', contextCustomizers = set[org.springframework.boot.test.context.filter.ExcludeFilterContextCustomizer@67b9b51a, org.springframework.boot.test.json.DuplicateJsonObjectContextCustomizerFactory$DuplicateJsonObjectContextCustomizer@5c669da8, org.springframework.boot.test.mock.mockito.MockitoContextCustomizer@0, org.springframework.boot.test.web.client.TestRestTemplateContextCustomizer@df6620a, org.springframework.boot.test.autoconfigure.actuate.metrics.MetricsExportContextCustomizerFactory$DisableMetricExportContextCustomizer@662706a7, org.springframework.boot.test.autoconfigure.properties.PropertyMappingContextCustomizer@0, org.springframework.boot.test.autoconfigure.web.servlet.WebDriverContextCustomizerFactory$Customizer@50dfbc58, org.springframework.boot.test.context.SpringBootTestArgs@1, org.springframework.boot.test.context.SpringBootTestWebEnvironment@44ebcd03], resourceBasePath = 'src/main/webapp', contextLoader = 'org.springframework.boot.test.context.SpringBootContextLoader', parent = [null]], attributes = map['org.springframework.test.context.web.ServletTestExecutionListener.activateListener' -> true]], class annotated with @DirtiesContext [false] with mode [null].

  .   ____          _            __ _ _
 /\\ / ___'_ __ _ _(_)_ __  __ _ \ \ \ \
( ( )\___ | '_ | '_| | '_ \/ _` | \ \ \ \
 \\/  ___)| |_)| | | | | || (_| |  ) ) ) )
  '  |____| .__|_| |_|_| |_\__, | / / / /
 =========|_|==============|___/=/_/_/_/
 :: Spring Boot ::               (v2.7.15)

2023-09-16 16:23:00.360  INFO 11980 --- [           main] c.l.s.SpringBootShopApplicationTests     : Starting SpringBootShopApplicationTests using Java 17.0.6 on DESKTOP-A99FIT8 with PID 11980 (started by Manu in D:\hexa project\shoppingapplication\shoppingapplication\02-backend\spring-boot-shop\spring-boot-shop)
2023-09-16 16:23:00.367  INFO 11980 --- [           main] c.l.s.SpringBootShopApplicationTests     : No active profile set, falling back to 1 default profile: "default"
2023-09-16 16:23:02.744  INFO 11980 --- [           main] .s.d.r.c.RepositoryConfigurationDelegate : Bootstrapping Spring Data JPA repositories in DEFAULT mode.
2023-09-16 16:23:02.919  INFO 11980 --- [           main] .s.d.r.c.RepositoryConfigurationDelegate : Finished Spring Data repository scanning in 148 ms. Found 4 JPA repository interfaces.
2023-09-16 16:23:04.758  INFO 11980 --- [           main] com.zaxxer.hikari.HikariDataSource       : HikariPool-1 - Starting...
2023-09-16 16:23:05.630  INFO 11980 --- [           main] com.zaxxer.hikari.HikariDataSource       : HikariPool-1 - Start completed.
2023-09-16 16:23:05.748  INFO 11980 --- [           main] o.hibernate.jpa.internal.util.LogHelper  : HHH000204: Processing PersistenceUnitInfo [name: default]
2023-09-16 16:23:06.044  INFO 11980 --- [           main] org.hibernate.Version                    : HHH000412: Hibernate ORM core version 5.6.15.Final
2023-09-16 16:23:06.487  INFO 11980 --- [           main] o.hibernate.annotations.common.Version   : HCANN000001: Hibernate Commons Annotations {5.1.2.Final}
2023-09-16 16:23:06.712  INFO 11980 --- [           main] org.hibernate.dialect.Dialect            : HHH000400: Using dialect: org.hibernate.dialect.MySQL8Dialect
2023-09-16 16:23:07.729  INFO 11980 --- [           main] o.h.e.t.j.p.i.JtaPlatformInitiator       : HHH000490: Using JtaPlatform implementation: [org.hibernate.engine.transaction.jta.platform.internal.NoJtaPlatform]
2023-09-16 16:23:07.746  INFO 11980 --- [           main] j.LocalContainerEntityManagerFactoryBean : Initialized JPA EntityManagerFactory for persistence unit 'default'
2023-09-16 16:23:09.734  WARN 11980 --- [           main] JpaBaseConfiguration$JpaWebConfiguration : spring.jpa.open-in-view is enabled by default. Therefore, database queries may be performed during view rendering. Explicitly configure spring.jpa.open-in-view to disable this warning
2023-09-16 16:23:14.673  INFO 11980 --- [           main] o.s.s.web.DefaultSecurityFilterChain     : Will secure any request with [org.springframework.security.web.session.DisableEncodeUrlFilter@50c9b080, org.springframework.security.web.context.request.async.WebAsyncManagerIntegrationFilter@2ea8f277, org.springframework.security.web.context.SecurityContextPersistenceFilter@58178b69, org.springframework.security.web.header.HeaderWriterFilter@63fef83c, org.springframework.web.filter.CorsFilter@7244b40e, org.springframework.security.web.authentication.logout.LogoutFilter@377b7798, org.springframework.security.oauth2.client.web.OAuth2AuthorizationRequestRedirectFilter@358bbbe2, org.springframework.security.oauth2.client.web.OAuth2LoginAuthenticationFilter@57bc7f67, org.springframework.security.web.authentication.ui.DefaultLoginPageGeneratingFilter@d9ff1cd, org.springframework.security.web.authentication.ui.DefaultLogoutPageGeneratingFilter@5d8de4bd, org.springframework.security.oauth2.server.resource.web.BearerTokenAuthenticationFilter@4c541b00, org.springframework.security.web.savedrequest.RequestCacheAwareFilter@22cbbe87, org.springframework.security.web.servletapi.SecurityContextHolderAwareRequestFilter@46e32574, org.springframework.security.web.authentication.AnonymousAuthenticationFilter@405d123c, org.springframework.security.web.session.SessionManagementFilter@4f9191c1, org.springframework.security.web.access.ExceptionTranslationFilter@402d45c6, org.springframework.security.web.access.intercept.FilterSecurityInterceptor@6d58ed12]
2023-09-16 16:23:16.536  INFO 11980 --- [           main] c.l.s.SpringBootShopApplicationTests     : Started SpringBootShopApplicationTests in 16.872 seconds (JVM running for 19.178)
]]></system-out>
  </testcase>
  <testcase name="testReadAll" classname="com.love2shop.springbootshop.SpringBootShopApplicationTests" time="0.514"/>
  <testcase name="testSingleBook" classname="com.love2shop.springbootshop.SpringBootShopApplicationTests" time="0.066"/>
  <testcase name="testUpdate" classname="com.love2shop.springbootshop.SpringBootShopApplicationTests" time="0.029"/>
  <testcase name="testDelete" classname="com.love2shop.springbootshop.SpringBootShopApplicationTests" time="0.023">
    <error message="No class com.love2shop.springbootshop.entity.Book entity with id 26 exists!" type="org.springframework.dao.EmptyResultDataAccessException">org.springframework.dao.EmptyResultDataAccessException: No class com.love2shop.springbootshop.entity.Book entity with id 26 exists!
	at com.love2shop.springbootshop.SpringBootShopApplicationTests.testDelete(SpringBootShopApplicationTests.java:71)
</error>
  </testcase>
</testsuite>